Gazebo multi-robot simulator, version 11.10.2
Copyright (C) 2012 Open Source Robotics Foundation.
Released under the Apache 2 License.
http://gazebosim.org


(1776547353 548741) [Wrn] [gazebo_ros_init.cpp:178] 
#     # ####### ####### ###  #####  #######
##    # #     #    #     #  #     # #
# #   # #     #    #     #  #       #
#  #  # #     #    #     #  #       #####
#   # # #     #    #     #  #       #
#    ## #     #    #     #  #     # #
#     # #######    #    ###  #####  #######

This version of Gazebo, now called Gazebo classic, reaches end-of-life
in January 2025. Users are highly encouraged to migrate to the new Gazebo
using our migration guides (https://gazebosim.org/docs/latest/gazebo_classic_migration?utm_source=gazebo_ros_pkgs&utm_medium=cli)


(1776547353 35890566) [Msg] Waiting for master.
(1776547353 36985100) [Msg] Connected to gazebo master @ http://127.0.0.1:11345
(1776547353 37008949) [Msg] Publicized address: 10.255.255.254
(1776547355 524303737) [Msg] Loading world file [/opt/ros/humble/share/turtlebot3_gazebo/worlds/turtlebot3_house.world]
(1776547355 707695244) Init world[default]
(1776547355 870718838) applying Gaussian noise model with mean 0, stddev 0.0002, bias 0
(1776547355 870743716) applying Gaussian noise model with mean 0, stddev 0.0002, bias 0
(1776547355 870762629) applying Gaussian noise model with mean 0, stddev 0.0002, bias 0
(1776547355 870780410) Applying angular velocity noise to IMU[tb3_imu].
  X: Gaussian noise, mean[0], stdDev[0.0002] bias[0] dynamicBiasStdDev[0] dynamicBiasCorrTime[0] precision[0] quantized[0]
  Y: Gaussian noise, mean[0], stdDev[0.0002] bias[0] dynamicBiasStdDev[0] dynamicBiasCorrTime[0] precision[0] quantized[0]
  Z: Gaussian noise, mean[0], stdDev[0.0002] bias[0] dynamicBiasStdDev[0] dynamicBiasCorrTime[0] precision[0] quantized[0]
(1776547355 870790452) applying Gaussian noise model with mean 0, stddev 0.017, bias 0
(1776547355 870808761) applying Gaussian noise model with mean 0, stddev 0.017, bias 0
(1776547355 870827023) applying Gaussian noise model with mean 0, stddev 0.017, bias 0
(1776547355 870854912) Applying linear acceleration noise to IMU[tb3_imu].
  X: Gaussian noise, mean[0], stdDev[0.017] bias[0] dynamicBiasStdDev[0] dynamicBiasCorrTime[0] precision[0] quantized[0]
  Y: Gaussian noise, mean[0], stdDev[0.017] bias[0] dynamicBiasStdDev[0] dynamicBiasCorrTime[0] precision[0] quantized[0]
  Z: Gaussian noise, mean[0], stdDev[0.017] bias[0] dynamicBiasStdDev[0] dynamicBiasCorrTime[0] precision[0] quantized[0]
(1776547355 967775938) applying Gaussian noise model with mean 0, stddev 0.01, bias 0
(1776547356 135408141) [Wrn] [Event.cc:61] Warning: Deleting a connection right after creation. Make sure to save the ConnectionPtr from a Connect call
(1776547356 536544499) applying Gaussian noise model with mean 0, stddev 0.007, bias 0
(1776549809 859448364) [Wrn] [Publisher.cc:135] Queue limit reached for topic /gazebo/default/pose/local/info, deleting message. This warning is printed only once.
(1776551365 45054654) [Wrn] [Publisher.cc:135] Queue limit reached for topic /gazebo/default/physics/contacts, deleting message. This warning is printed only once.
